{"C:\\Users\\jjmol\\OneDrive\\Documents\\Seat Reservation System\\seat-reservation-system-logic-flow\\src\\services\\seatService.js": {"path":"C:\\Users\\jjmol\\OneDrive\\Documents\\Seat Reservation System\\seat-reservation-system-logic-flow\\src\\services\\seatService.js","statementMap":{"0":{"start":{"line":3,"column":15},"end":{"line":9,"column":1}},"1":{"start":{"line":11,"column":12},"end":{"line":11,"column":47}},"2":{"start":{"line":12,"column":12},"end":{"line":12,"column":14}},"3":{"start":{"line":13,"column":15},"end":{"line":13,"column":17}},"4":{"start":{"line":14,"column":15},"end":{"line":14,"column":17}},"5":{"start":{"line":15,"column":22},"end":{"line":15,"column":24}},"6":{"start":{"line":19,"column":16},"end":{"line":19,"column":49}},"7":{"start":{"line":21,"column":2},"end":{"line":23,"column":24}},"8":{"start":{"line":22,"column":4},"end":{"line":22,"column":101}},"9":{"start":{"line":22,"column":43},"end":{"line":22,"column":90}},"10":{"start":{"line":24,"column":2},"end":{"line":24,"column":14}},"11":{"start":{"line":29,"column":2},"end":{"line":29,"column":61}},"12":{"start":{"line":34,"column":14},"end":{"line":34,"column":24}},"13":{"start":{"line":35,"column":2},"end":{"line":43,"column":3}},"14":{"start":{"line":36,"column":17},"end":{"line":36,"column":28}},"15":{"start":{"line":37,"column":4},"end":{"line":42,"column":5}},"16":{"start":{"line":38,"column":6},"end":{"line":38,"column":34}},"17":{"start":{"line":39,"column":6},"end":{"line":39,"column":72}},"18":{"start":{"line":40,"column":6},"end":{"line":40,"column":25}},"19":{"start":{"line":41,"column":6},"end":{"line":41,"column":24}},"20":{"start":{"line":48,"column":2},"end":{"line":48,"column":16}},"21":{"start":{"line":51,"column":2},"end":{"line":51,"column":79}},"22":{"start":{"line":51,"column":29},"end":{"line":51,"column":79}},"23":{"start":{"line":54,"column":22},"end":{"line":54,"column":89}},"24":{"start":{"line":54,"column":55},"end":{"line":54,"column":88}},"25":{"start":{"line":55,"column":2},"end":{"line":55,"column":108}},"26":{"start":{"line":55,"column":58},"end":{"line":55,"column":108}},"27":{"start":{"line":58,"column":14},"end":{"line":58,"column":24}},"28":{"start":{"line":59,"column":2},"end":{"line":59,"column":91}},"29":{"start":{"line":59,"column":71},"end":{"line":59,"column":89}},"30":{"start":{"line":60,"column":2},"end":{"line":60,"column":111}},"31":{"start":{"line":60,"column":63},"end":{"line":60,"column":111}},"32":{"start":{"line":61,"column":2},"end":{"line":61,"column":35}},"33":{"start":{"line":63,"column":15},"end":{"line":63,"column":33}},"34":{"start":{"line":64,"column":2},"end":{"line":64,"column":124}},"35":{"start":{"line":65,"column":2},"end":{"line":65,"column":31}},"36":{"start":{"line":66,"column":2},"end":{"line":66,"column":61}},"37":{"start":{"line":67,"column":2},"end":{"line":67,"column":74}},"38":{"start":{"line":72,"column":2},"end":{"line":72,"column":16}},"39":{"start":{"line":73,"column":15},"end":{"line":73,"column":26}},"40":{"start":{"line":74,"column":2},"end":{"line":74,"column":47}},"41":{"start":{"line":74,"column":13},"end":{"line":74,"column":47}},"42":{"start":{"line":75,"column":2},"end":{"line":75,"column":62}},"43":{"start":{"line":75,"column":28},"end":{"line":75,"column":62}},"44":{"start":{"line":76,"column":2},"end":{"line":76,"column":70}},"45":{"start":{"line":76,"column":22},"end":{"line":76,"column":70}},"46":{"start":{"line":77,"column":2},"end":{"line":77,"column":89}},"47":{"start":{"line":77,"column":47},"end":{"line":77,"column":89}},"48":{"start":{"line":79,"column":2},"end":{"line":79,"column":61}},"49":{"start":{"line":80,"column":2},"end":{"line":80,"column":20}},"50":{"start":{"line":81,"column":2},"end":{"line":81,"column":62}},"51":{"start":{"line":82,"column":2},"end":{"line":82,"column":52}},"52":{"start":{"line":87,"column":2},"end":{"line":87,"column":16}},"53":{"start":{"line":88,"column":15},"end":{"line":88,"column":26}},"54":{"start":{"line":89,"column":2},"end":{"line":89,"column":47}},"55":{"start":{"line":89,"column":13},"end":{"line":89,"column":47}},"56":{"start":{"line":90,"column":2},"end":{"line":90,"column":62}},"57":{"start":{"line":90,"column":28},"end":{"line":90,"column":62}},"58":{"start":{"line":91,"column":2},"end":{"line":91,"column":66}},"59":{"start":{"line":91,"column":22},"end":{"line":91,"column":66}},"60":{"start":{"line":93,"column":2},"end":{"line":93,"column":24}},"61":{"start":{"line":94,"column":2},"end":{"line":94,"column":58}},"62":{"start":{"line":95,"column":2},"end":{"line":95,"column":46}},"63":{"start":{"line":100,"column":2},"end":{"line":100,"column":16}},"64":{"start":{"line":101,"column":15},"end":{"line":101,"column":26}},"65":{"start":{"line":102,"column":2},"end":{"line":102,"column":47}},"66":{"start":{"line":102,"column":13},"end":{"line":102,"column":47}},"67":{"start":{"line":103,"column":2},"end":{"line":103,"column":62}},"68":{"start":{"line":103,"column":28},"end":{"line":103,"column":62}},"69":{"start":{"line":105,"column":2},"end":{"line":105,"column":30}},"70":{"start":{"line":106,"column":2},"end":{"line":106,"column":57}},"71":{"start":{"line":107,"column":2},"end":{"line":107,"column":21}},"72":{"start":{"line":108,"column":2},"end":{"line":108,"column":20}},"73":{"start":{"line":109,"column":2},"end":{"line":109,"column":45}},"74":{"start":{"line":114,"column":2},"end":{"line":114,"column":16}},"75":{"start":{"line":115,"column":2},"end":{"line":115,"column":71}},"76":{"start":{"line":115,"column":32},"end":{"line":115,"column":71}},"77":{"start":{"line":116,"column":2},"end":{"line":116,"column":118}},"78":{"start":{"line":116,"column":37},"end":{"line":116,"column":54}},"79":{"start":{"line":116,"column":57},"end":{"line":116,"column":118}},"80":{"start":{"line":118,"column":2},"end":{"line":118,"column":23}},"81":{"start":{"line":119,"column":2},"end":{"line":119,"column":41}},"82":{"start":{"line":120,"column":2},"end":{"line":120,"column":47}},"83":{"start":{"line":125,"column":2},"end":{"line":125,"column":16}},"84":{"start":{"line":126,"column":2},"end":{"line":126,"column":36}},"85":{"start":{"line":126,"column":29},"end":{"line":126,"column":36}},"86":{"start":{"line":128,"column":19},"end":{"line":128,"column":43}},"87":{"start":{"line":128,"column":40},"end":{"line":128,"column":42}},"88":{"start":{"line":129,"column":2},"end":{"line":129,"column":30}},"89":{"start":{"line":129,"column":23},"end":{"line":129,"column":30}},"90":{"start":{"line":131,"column":16},"end":{"line":131,"column":32}},"91":{"start":{"line":132,"column":15},"end":{"line":132,"column":33}},"92":{"start":{"line":133,"column":2},"end":{"line":133,"column":133}},"93":{"start":{"line":134,"column":2},"end":{"line":134,"column":25}},"94":{"start":{"line":135,"column":2},"end":{"line":135,"column":69}},"95":{"start":{"line":140,"column":2},"end":{"line":140,"column":16}},"96":{"start":{"line":141,"column":2},"end":{"line":145,"column":5}},"97":{"start":{"line":142,"column":4},"end":{"line":142,"column":63}},"98":{"start":{"line":142,"column":15},"end":{"line":142,"column":63}},"99":{"start":{"line":143,"column":17},"end":{"line":143,"column":28}},"100":{"start":{"line":144,"column":4},"end":{"line":144,"column":97}},"101":{"start":{"line":150,"column":2},"end":{"line":150,"column":64}},"102":{"start":{"line":150,"column":30},"end":{"line":150,"column":62}},"103":{"start":{"line":153,"column":0},"end":{"line":162,"column":2}}},"fnMap":{"0":{"name":"generateHoldCode","decl":{"start":{"line":18,"column":9},"end":{"line":18,"column":25}},"loc":{"start":{"line":18,"column":28},"end":{"line":25,"column":1}},"line":18},"1":{"name":"(anonymous_1)","decl":{"start":{"line":22,"column":37},"end":{"line":22,"column":38}},"loc":{"start":{"line":22,"column":43},"end":{"line":22,"column":90}},"line":22},"2":{"name":"logEvent","decl":{"start":{"line":28,"column":9},"end":{"line":28,"column":17}},"loc":{"start":{"line":28,"column":33},"end":{"line":30,"column":1}},"line":28},"3":{"name":"expireHolds","decl":{"start":{"line":33,"column":9},"end":{"line":33,"column":20}},"loc":{"start":{"line":33,"column":23},"end":{"line":44,"column":1}},"line":33},"4":{"name":"placeHold","decl":{"start":{"line":47,"column":9},"end":{"line":47,"column":18}},"loc":{"start":{"line":47,"column":38},"end":{"line":68,"column":1}},"line":47},"5":{"name":"(anonymous_5)","decl":{"start":{"line":54,"column":50},"end":{"line":54,"column":51}},"loc":{"start":{"line":54,"column":55},"end":{"line":54,"column":88}},"line":54},"6":{"name":"(anonymous_6)","decl":{"start":{"line":59,"column":65},"end":{"line":59,"column":66}},"loc":{"start":{"line":59,"column":71},"end":{"line":59,"column":89}},"line":59},"7":{"name":"extendHold","decl":{"start":{"line":71,"column":9},"end":{"line":71,"column":19}},"loc":{"start":{"line":71,"column":33},"end":{"line":83,"column":1}},"line":71},"8":{"name":"confirmHold","decl":{"start":{"line":86,"column":9},"end":{"line":86,"column":20}},"loc":{"start":{"line":86,"column":34},"end":{"line":96,"column":1}},"line":86},"9":{"name":"releaseHold","decl":{"start":{"line":99,"column":9},"end":{"line":99,"column":20}},"loc":{"start":{"line":99,"column":34},"end":{"line":110,"column":1}},"line":99},"10":{"name":"joinWaitlist","decl":{"start":{"line":113,"column":9},"end":{"line":113,"column":21}},"loc":{"start":{"line":113,"column":29},"end":{"line":121,"column":1}},"line":113},"11":{"name":"(anonymous_11)","decl":{"start":{"line":116,"column":32},"end":{"line":116,"column":33}},"loc":{"start":{"line":116,"column":37},"end":{"line":116,"column":54}},"line":116},"12":{"name":"promoteWaitlist","decl":{"start":{"line":124,"column":9},"end":{"line":124,"column":24}},"loc":{"start":{"line":124,"column":27},"end":{"line":136,"column":1}},"line":124},"13":{"name":"(anonymous_13)","decl":{"start":{"line":128,"column":35},"end":{"line":128,"column":36}},"loc":{"start":{"line":128,"column":40},"end":{"line":128,"column":42}},"line":128},"14":{"name":"getSeatMap","decl":{"start":{"line":139,"column":9},"end":{"line":139,"column":19}},"loc":{"start":{"line":139,"column":22},"end":{"line":146,"column":1}},"line":139},"15":{"name":"(anonymous_15)","decl":{"start":{"line":141,"column":19},"end":{"line":141,"column":20}},"loc":{"start":{"line":141,"column":36},"end":{"line":145,"column":3}},"line":141},"16":{"name":"getEventLog","decl":{"start":{"line":149,"column":9},"end":{"line":149,"column":20}},"loc":{"start":{"line":149,"column":27},"end":{"line":151,"column":1}},"line":149},"17":{"name":"(anonymous_17)","decl":{"start":{"line":150,"column":25},"end":{"line":150,"column":26}},"loc":{"start":{"line":150,"column":30},"end":{"line":150,"column":62}},"line":150}},"branchMap":{"0":{"loc":{"start":{"line":37,"column":4},"end":{"line":42,"column":5}},"type":"if","locations":[{"start":{"line":37,"column":4},"end":{"line":42,"column":5}},{"start":{},"end":{}}],"line":37},"1":{"loc":{"start":{"line":37,"column":8},"end":{"line":37,"column":45}},"type":"binary-expr","locations":[{"start":{"line":37,"column":8},"end":{"line":37,"column":23}},{"start":{"line":37,"column":27},"end":{"line":37,"column":45}}],"line":37},"2":{"loc":{"start":{"line":51,"column":2},"end":{"line":51,"column":79}},"type":"if","locations":[{"start":{"line":51,"column":2},"end":{"line":51,"column":79}},{"start":{},"end":{}}],"line":51},"3":{"loc":{"start":{"line":54,"column":55},"end":{"line":54,"column":88}},"type":"binary-expr","locations":[{"start":{"line":54,"column":55},"end":{"line":54,"column":72}},{"start":{"line":54,"column":76},"end":{"line":54,"column":88}}],"line":54},"4":{"loc":{"start":{"line":55,"column":2},"end":{"line":55,"column":108}},"type":"if","locations":[{"start":{"line":55,"column":2},"end":{"line":55,"column":108}},{"start":{},"end":{}}],"line":55},"5":{"loc":{"start":{"line":59,"column":28},"end":{"line":59,"column":56}},"type":"binary-expr","locations":[{"start":{"line":59,"column":28},"end":{"line":59,"column":50}},{"start":{"line":59,"column":54},"end":{"line":59,"column":56}}],"line":59},"6":{"loc":{"start":{"line":60,"column":2},"end":{"line":60,"column":111}},"type":"if","locations":[{"start":{"line":60,"column":2},"end":{"line":60,"column":111}},{"start":{},"end":{}}],"line":60},"7":{"loc":{"start":{"line":74,"column":2},"end":{"line":74,"column":47}},"type":"if","locations":[{"start":{"line":74,"column":2},"end":{"line":74,"column":47}},{"start":{},"end":{}}],"line":74},"8":{"loc":{"start":{"line":75,"column":2},"end":{"line":75,"column":62}},"type":"if","locations":[{"start":{"line":75,"column":2},"end":{"line":75,"column":62}},{"start":{},"end":{}}],"line":75},"9":{"loc":{"start":{"line":76,"column":2},"end":{"line":76,"column":70}},"type":"if","locations":[{"start":{"line":76,"column":2},"end":{"line":76,"column":70}},{"start":{},"end":{}}],"line":76},"10":{"loc":{"start":{"line":77,"column":2},"end":{"line":77,"column":89}},"type":"if","locations":[{"start":{"line":77,"column":2},"end":{"line":77,"column":89}},{"start":{},"end":{}}],"line":77},"11":{"loc":{"start":{"line":89,"column":2},"end":{"line":89,"column":47}},"type":"if","locations":[{"start":{"line":89,"column":2},"end":{"line":89,"column":47}},{"start":{},"end":{}}],"line":89},"12":{"loc":{"start":{"line":90,"column":2},"end":{"line":90,"column":62}},"type":"if","locations":[{"start":{"line":90,"column":2},"end":{"line":90,"column":62}},{"start":{},"end":{}}],"line":90},"13":{"loc":{"start":{"line":91,"column":2},"end":{"line":91,"column":66}},"type":"if","locations":[{"start":{"line":91,"column":2},"end":{"line":91,"column":66}},{"start":{},"end":{}}],"line":91},"14":{"loc":{"start":{"line":102,"column":2},"end":{"line":102,"column":47}},"type":"if","locations":[{"start":{"line":102,"column":2},"end":{"line":102,"column":47}},{"start":{},"end":{}}],"line":102},"15":{"loc":{"start":{"line":103,"column":2},"end":{"line":103,"column":62}},"type":"if","locations":[{"start":{"line":103,"column":2},"end":{"line":103,"column":62}},{"start":{},"end":{}}],"line":103},"16":{"loc":{"start":{"line":115,"column":2},"end":{"line":115,"column":71}},"type":"if","locations":[{"start":{"line":115,"column":2},"end":{"line":115,"column":71}},{"start":{},"end":{}}],"line":115},"17":{"loc":{"start":{"line":116,"column":2},"end":{"line":116,"column":118}},"type":"if","locations":[{"start":{"line":116,"column":2},"end":{"line":116,"column":118}},{"start":{},"end":{}}],"line":116},"18":{"loc":{"start":{"line":126,"column":2},"end":{"line":126,"column":36}},"type":"if","locations":[{"start":{"line":126,"column":2},"end":{"line":126,"column":36}},{"start":{},"end":{}}],"line":126},"19":{"loc":{"start":{"line":129,"column":2},"end":{"line":129,"column":30}},"type":"if","locations":[{"start":{"line":129,"column":2},"end":{"line":129,"column":30}},{"start":{},"end":{}}],"line":129},"20":{"loc":{"start":{"line":142,"column":4},"end":{"line":142,"column":63}},"type":"if","locations":[{"start":{"line":142,"column":4},"end":{"line":142,"column":63}},{"start":{},"end":{}}],"line":142},"21":{"loc":{"start":{"line":144,"column":38},"end":{"line":144,"column":75}},"type":"cond-expr","locations":[{"start":{"line":144,"column":55},"end":{"line":144,"column":66}},{"start":{"line":144,"column":69},"end":{"line":144,"column":75}}],"line":144},"22":{"loc":{"start":{"line":150,"column":30},"end":{"line":150,"column":62}},"type":"binary-expr","locations":[{"start":{"line":150,"column":30},"end":{"line":150,"column":35}},{"start":{"line":150,"column":39},"end":{"line":150,"column":62}}],"line":150}},"s":{"0":1,"1":1,"2":1,"3":1,"4":1,"5":1,"6":1,"7":1,"8":1,"9":6,"10":1,"11":1,"12":7,"13":7,"14":6,"15":6,"16":0,"17":0,"18":0,"19":0,"20":7,"21":7,"22":6,"23":1,"24":0,"25":1,"26":0,"27":1,"28":1,"29":0,"30":1,"31":0,"32":1,"33":1,"34":1,"35":1,"36":1,"37":1,"38":0,"39":0,"40":0,"41":0,"42":0,"43":0,"44":0,"45":0,"46":0,"47":0,"48":0,"49":0,"50":0,"51":0,"52":0,"53":0,"54":0,"55":0,"56":0,"57":0,"58":0,"59":0,"60":0,"61":0,"62":0,"63":0,"64":0,"65":0,"66":0,"67":0,"68":0,"69":0,"70":0,"71":0,"72":0,"73":0,"74":0,"75":0,"76":0,"77":0,"78":0,"79":0,"80":0,"81":0,"82":0,"83":0,"84":0,"85":0,"86":0,"87":0,"88":0,"89":0,"90":0,"91":0,"92":0,"93":0,"94":0,"95":0,"96":0,"97":0,"98":0,"99":0,"100":0,"101":0,"102":0,"103":1},"f":{"0":1,"1":6,"2":1,"3":7,"4":7,"5":0,"6":0,"7":0,"8":0,"9":0,"10":0,"11":0,"12":0,"13":0,"14":0,"15":0,"16":0,"17":0},"b":{"0":[0,6],"1":[6,6],"2":[6,1],"3":[0,0],"4":[0,1],"5":[1,1],"6":[0,1],"7":[0,0],"8":[0,0],"9":[0,0],"10":[0,0],"11":[0,0],"12":[0,0],"13":[0,0],"14":[0,0],"15":[0,0],"16":[0,0],"17":[0,0],"18":[0,0],"19":[0,0],"20":[0,0],"21":[0,0],"22":[0,0]},"_coverageSchema":"1a1c01bbd47fc00a2c39e90264f33305004495a9","hash":"f99e6f50232c837e39ae29bd3e94f8221c9d9213"}
}
