TN:
SF:src\index.js
FN:15,(anonymous_0)
FN:23,(anonymous_1)
FN:26,(anonymous_2)
FNF:3
FNH:0
FNDA:0,(anonymous_0)
FNDA:0,(anonymous_1)
FNDA:0,(anonymous_2)
DA:2,1
DA:3,1
DA:4,1
DA:6,1
DA:7,1
DA:8,1
DA:11,1
DA:12,1
DA:15,1
DA:16,0
DA:20,1
DA:22,1
DA:23,1
DA:26,1
DA:27,0
LF:15
LH:13
BRDA:22,0,0,1
BRDA:22,0,1,1
BRF:2
BRH:2
end_of_record
TN:
SF:src\controllers\seatController.js
FN:3,(anonymous_0)
FN:5,(anonymous_1)
FN:10,(anonymous_2)
FN:15,(anonymous_3)
FN:20,(anonymous_4)
FN:25,(anonymous_5)
FN:30,(anonymous_6)
FNF:7
FNH:0
FNDA:0,(anonymous_0)
FNDA:0,(anonymous_1)
FNDA:0,(anonymous_2)
FNDA:0,(anonymous_3)
FNDA:0,(anonymous_4)
FNDA:0,(anonymous_5)
FNDA:0,(anonymous_6)
DA:1,1
DA:3,1
DA:5,1
DA:6,0
DA:7,0
DA:10,1
DA:11,0
DA:12,0
DA:15,1
DA:16,0
DA:17,0
DA:20,1
DA:21,0
DA:22,0
DA:25,1
DA:26,0
DA:27,0
DA:30,1
DA:31,0
DA:32,0
DA:36,1
LF:21
LH:9
BRF:0
BRH:0
end_of_record
TN:
SF:src\routes\seats.js
FN:6,(anonymous_0)
FN:16,(anonymous_1)
FN:31,(anonymous_2)
FN:44,(anonymous_3)
FN:57,(anonymous_4)
FN:70,(anonymous_5)
FN:82,(anonymous_6)
FNF:7
FNH:0
FNDA:0,(anonymous_0)
FNDA:0,(anonymous_1)
FNDA:0,(anonymous_2)
FNDA:0,(anonymous_3)
FNDA:0,(anonymous_4)
FNDA:0,(anonymous_5)
FNDA:0,(anonymous_6)
DA:1,1
DA:2,1
DA:3,1
DA:6,1
DA:7,0
DA:8,0
DA:9,0
DA:11,0
DA:16,1
DA:17,0
DA:18,0
DA:19,0
DA:20,0
DA:22,0
DA:23,0
DA:24,0
DA:26,0
DA:31,1
DA:32,0
DA:33,0
DA:34,0
DA:35,0
DA:36,0
DA:37,0
DA:39,0
DA:44,1
DA:45,0
DA:46,0
DA:47,0
DA:48,0
DA:49,0
DA:50,0
DA:52,0
DA:57,1
DA:58,0
DA:59,0
DA:60,0
DA:61,0
DA:62,0
DA:63,0
DA:65,0
DA:70,1
DA:71,0
DA:72,0
DA:73,0
DA:74,0
DA:75,0
DA:77,0
DA:82,1
DA:83,0
DA:84,0
DA:85,0
DA:87,0
DA:91,1
LF:54
LH:11
BRDA:18,0,0,0
BRDA:18,0,1,0
BRDA:19,1,0,0
BRDA:19,1,1,0
BRDA:19,2,0,0
BRDA:19,2,1,0
BRDA:19,2,2,0
BRDA:33,3,0,0
BRDA:33,3,1,0
BRDA:34,4,0,0
BRDA:34,4,1,0
BRDA:46,5,0,0
BRDA:46,5,1,0
BRDA:47,6,0,0
BRDA:47,6,1,0
BRDA:59,7,0,0
BRDA:59,7,1,0
BRDA:60,8,0,0
BRDA:60,8,1,0
BRDA:72,9,0,0
BRDA:72,9,1,0
BRF:21
BRH:0
end_of_record
TN:
SF:src\services\seatService.js
FN:18,generateHoldCode
FN:22,(anonymous_1)
FN:28,logEvent
FN:33,expireHolds
FN:47,placeHold
FN:54,(anonymous_5)
FN:59,(anonymous_6)
FN:71,extendHold
FN:86,confirmHold
FN:99,releaseHold
FN:113,joinWaitlist
FN:116,(anonymous_11)
FN:124,promoteWaitlist
FN:128,(anonymous_13)
FN:139,getSeatMap
FN:141,(anonymous_15)
FN:149,getEventLog
FN:150,(anonymous_17)
FNF:18
FNH:5
FNDA:1,generateHoldCode
FNDA:6,(anonymous_1)
FNDA:1,logEvent
FNDA:7,expireHolds
FNDA:7,placeHold
FNDA:0,(anonymous_5)
FNDA:0,(anonymous_6)
FNDA:0,extendHold
FNDA:0,confirmHold
FNDA:0,releaseHold
FNDA:0,joinWaitlist
FNDA:0,(anonymous_11)
FNDA:0,promoteWaitlist
FNDA:0,(anonymous_13)
FNDA:0,getSeatMap
FNDA:0,(anonymous_15)
FNDA:0,getEventLog
FNDA:0,(anonymous_17)
DA:3,2
DA:11,2
DA:12,2
DA:13,2
DA:14,2
DA:15,2
DA:19,1
DA:21,1
DA:22,6
DA:24,1
DA:29,1
DA:34,7
DA:35,7
DA:36,6
DA:37,6
DA:38,0
DA:39,0
DA:40,0
DA:41,0
DA:48,7
DA:51,7
DA:54,1
DA:55,1
DA:58,1
DA:59,1
DA:60,1
DA:61,1
DA:63,1
DA:64,1
DA:65,1
DA:66,1
DA:67,1
DA:72,0
DA:73,0
DA:74,0
DA:75,0
DA:76,0
DA:77,0
DA:79,0
DA:80,0
DA:81,0
DA:82,0
DA:87,0
DA:88,0
DA:89,0
DA:90,0
DA:91,0
DA:93,0
DA:94,0
DA:95,0
DA:100,0
DA:101,0
DA:102,0
DA:103,0
DA:105,0
DA:106,0
DA:107,0
DA:108,0
DA:109,0
DA:114,0
DA:115,0
DA:116,0
DA:118,0
DA:119,0
DA:120,0
DA:125,0
DA:126,0
DA:128,0
DA:129,0
DA:131,0
DA:132,0
DA:133,0
DA:134,0
DA:135,0
DA:140,0
DA:141,0
DA:142,0
DA:143,0
DA:144,0
DA:150,0
DA:153,2
LF:81
LH:29
BRDA:37,0,0,0
BRDA:37,0,1,6
BRDA:37,1,0,6
BRDA:37,1,1,6
BRDA:51,2,0,6
BRDA:51,2,1,1
BRDA:54,3,0,0
BRDA:54,3,1,0
BRDA:55,4,0,0
BRDA:55,4,1,1
BRDA:59,5,0,1
BRDA:59,5,1,1
BRDA:60,6,0,0
BRDA:60,6,1,1
BRDA:74,7,0,0
BRDA:74,7,1,0
BRDA:75,8,0,0
BRDA:75,8,1,0
BRDA:76,9,0,0
BRDA:76,9,1,0
BRDA:77,10,0,0
BRDA:77,10,1,0
BRDA:89,11,0,0
BRDA:89,11,1,0
BRDA:90,12,0,0
BRDA:90,12,1,0
BRDA:91,13,0,0
BRDA:91,13,1,0
BRDA:102,14,0,0
BRDA:102,14,1,0
BRDA:103,15,0,0
BRDA:103,15,1,0
BRDA:115,16,0,0
BRDA:115,16,1,0
BRDA:116,17,0,0
BRDA:116,17,1,0
BRDA:126,18,0,0
BRDA:126,18,1,0
BRDA:129,19,0,0
BRDA:129,19,1,0
BRDA:142,20,0,0
BRDA:142,20,1,0
BRDA:144,21,0,0
BRDA:144,21,1,0
BRDA:150,22,0,0
BRDA:150,22,1,0
BRF:46
BRH:9
end_of_record
